<?xml version="1.0" encoding="UTF-8"?>
<!-- Generated by org.testng.reporters.JUnitReportReporter -->
<testsuite hostname="IND-AbhijitJ-Dell3410" failures="0" tests="3" name="TestDEmo.Testmaven.TestMavenProject2" time="0.000" errors="0" timestamp="2024-03-16T20:04:17 IST" skipped="3">
  <testcase classname="TestDEmo.Testmaven.TestMavenProject2" name="cttProject" time="0.000">
    <skipped/>
  </testcase> <!-- cttProject -->
  <system-out/>
  <testcase classname="TestDEmo.Testmaven.TestMavenProject2" name="logincredentials" time="0.000">
    <skipped/>
  </testcase> <!-- logincredentials -->
  <system-out/>
  <testcase classname="TestDEmo.Testmaven.TestMavenProject2" name="Testdata" time="0.000">
    <skipped/>
  </testcase> <!-- Testdata -->
  <system-out/>
</testsuite> <!-- TestDEmo.Testmaven.TestMavenProject2 -->
