<?xml version="1.0" encoding="UTF-8"?>
<!-- Generated by org.testng.reporters.JUnitReportReporter -->
<testsuite hostname="IND-AbhijitJ-Dell3410" failures="0" tests="12" name="CTT_Demo.ag_Grid_schema_skuQAchk" time="271.519" errors="0" timestamp="2024-05-24T19:15:33 IST" skipped="0">
  <testcase classname="CTT_Demo.ag_Grid_schema_skuQAchk" name="CTT_Login_Page_Displayed_And_Enters_Login_Details" time="13.969"/>
  <system-out/>
  <testcase classname="CTT_Demo.ag_Grid_schema_skuQAchk" name="Verify_Login_Person_Name" time="4.076"/>
  <system-out/>
  <testcase classname="CTT_Demo.ag_Grid_schema_skuQAchk" name="open_Specific_Project" time="22.138"/>
  <system-out/>
  <testcase classname="CTT_Demo.ag_Grid_schema_skuQAchk" name="Open_AGGrid_Screen" time="17.906"/>
  <system-out/>
  <testcase classname="CTT_Demo.ag_Grid_schema_skuQAchk" name="Verify_The_QA_Checks_Ohm_v_Omega_in_Values_and_UOMs" time="16.302"/>
  <system-out/>
  <testcase classname="CTT_Demo.ag_Grid_schema_skuQAchk" name="Verify_The_QA_Checks_Dimensions_Without_Space_Separation" time="56.303"/>
  <system-out/>
  <testcase classname="CTT_Demo.ag_Grid_schema_skuQAchk" name="Verify_The_QA_Checks_Value_Starts_With_Plus_Minus" time="22.367"/>
  <system-out/>
  <testcase classname="CTT_Demo.ag_Grid_schema_skuQAchk" name="Verify_The_QA_Checks_Metric_UOM_with_Fraction_Check" time="18.390"/>
  <system-out/>
  <testcase classname="CTT_Demo.ag_Grid_schema_skuQAchk" name="Verify_The_QA_Checks_Text_with_Unit_of_Measure" time="11.814"/>
  <system-out/>
  <testcase classname="CTT_Demo.ag_Grid_schema_skuQAchk" name="Verify_The_QA_Checks_NA_NR_or_BlankCheck" time="16.052"/>
  <system-out/>
  <testcase classname="CTT_Demo.ag_Grid_schema_skuQAchk" name="Verify_The_QA_Checks_Single_Letter_Value" time="15.028"/>
  <system-out/>
  <testcase classname="CTT_Demo.ag_Grid_schema_skuQAchk" name="Verify_The_QA_Checks_Wire_With_Hash_Check" time="57.174"/>
  <system-out/>
</testsuite> <!-- CTT_Demo.ag_Grid_schema_skuQAchk -->
