<?xml version="1.0" encoding="UTF-8"?>
<!-- Generated by org.testng.reporters.JUnitReportReporter -->
<testsuite hostname="IND-AbhijitJ-Dell3410" failures="0" tests="7" name="CTT_Demo.ctt_Cut_SKUS" time="159.358" errors="0" timestamp="2024-04-13T10:30:53 IST" skipped="0">
  <testcase classname="CTT_Demo.ctt_Cut_SKUS" name="CTT_Project_LoginPage_Displayed" time="2.021"/>
  <system-out/>
  <testcase classname="CTT_Demo.ctt_Cut_SKUS" name="CTT_EnterLogin_Details" time="5.500"/>
  <system-out/>
  <testcase classname="CTT_Demo.ctt_Cut_SKUS" name="Check_The_SKUList_Page_open_Or_Not" time="23.511"/>
  <system-out/>
  <testcase classname="CTT_Demo.ctt_Cut_SKUS" name="verify_The_SKU_List_Page_Title_And_Cut_The_SingleSKU" time="26.137"/>
  <system-out/>
  <testcase classname="CTT_Demo.ctt_Cut_SKUS" name="Cut_the_All_SKU_From_The_Leaf_Node" time="29.153"/>
  <system-out/>
  <testcase classname="CTT_Demo.ctt_Cut_SKUS" name="Verify_through_the_AG_grid_Cut_Single_SKU" time="42.398"/>
  <system-out/>
  <testcase classname="CTT_Demo.ctt_Cut_SKUS" name="Verify_through_the_AG_grid_Cut_ALL_SKU" time="30.638"/>
  <system-out/>
</testsuite> <!-- CTT_Demo.ctt_Cut_SKUS -->
