<?xml version="1.0" encoding="UTF-8"?>
<!-- Generated by org.testng.reporters.JUnitReportReporter -->
<testsuite hostname="IND-AbhijitJ-Dell3410" failures="0" tests="14" name="CTT_Demo.cttAG_Grid_Normal_QA_Check" time="275.079" errors="0" timestamp="2024-04-13T09:58:04 IST" skipped="0">
  <testcase classname="CTT_Demo.cttAG_Grid_Normal_QA_Check" name="CTT_Project_LoginPage_Displayed" time="2.022"/>
  <system-out/>
  <testcase classname="CTT_Demo.cttAG_Grid_Normal_QA_Check" name="CTT_EnterLogin_Details" time="8.512"/>
  <system-out/>
  <testcase classname="CTT_Demo.cttAG_Grid_Normal_QA_Check" name="Check_The_AG_Grid_Page_open_Or_Not" time="28.482"/>
  <system-out/>
  <testcase classname="CTT_Demo.cttAG_Grid_Normal_QA_Check" name="Validte_The_Translation_Condition" time="38.664"/>
  <system-out/>
  <testcase classname="CTT_Demo.cttAG_Grid_Normal_QA_Check" name="Verify_The_QA_Checks_Contains_trailing_spaces" time="20.086"/>
  <system-out/>
  <testcase classname="CTT_Demo.cttAG_Grid_Normal_QA_Check" name="Verify_The_QA_Checks_Contains_trailing_Zeros" time="17.919"/>
  <system-out/>
  <testcase classname="CTT_Demo.cttAG_Grid_Normal_QA_Check" name="Verify_The_QA_Checks_Contains_leading_Zeros" time="17.925"/>
  <system-out/>
  <testcase classname="CTT_Demo.cttAG_Grid_Normal_QA_Check" name="Verify_The_QA_Checks_ContainsSpecialChar" time="17.862"/>
  <system-out/>
  <testcase classname="CTT_Demo.cttAG_Grid_Normal_QA_Check" name="Verify_The_QA_Checks_Range_Representation_Check" time="17.874"/>
  <system-out/>
  <testcase classname="CTT_Demo.cttAG_Grid_Normal_QA_Check" name="Verify_The_QA_Checks_Trademark_and_Copyright_Check" time="17.889"/>
  <system-out/>
  <testcase classname="CTT_Demo.cttAG_Grid_Normal_QA_Check" name="Verify_The_QA_Checks_contains_Double_Spaces" time="17.863"/>
  <system-out/>
  <testcase classname="CTT_Demo.cttAG_Grid_Normal_QA_Check" name="Verify_The_QA_Checks_contains_empty_string" time="17.904"/>
  <system-out/>
  <testcase classname="CTT_Demo.cttAG_Grid_Normal_QA_Check" name="Verify_The_NumericUOM" time="28.503"/>
  <system-out/>
  <testcase classname="CTT_Demo.cttAG_Grid_Normal_QA_Check" name="Verify_The_Apply_Translation" time="23.574"/>
  <system-out/>
</testsuite> <!-- CTT_Demo.cttAG_Grid_Normal_QA_Check -->
