<?xml version="1.0" encoding="UTF-8"?>
<!-- Generated by org.testng.reporters.JUnitReportReporter -->
<testsuite hostname="IND-AbhijitJ-Dell3410" failures="0" tests="10" name="CTT_Demo.natalie_Norm_SchemaCheck" time="203.613" errors="0" timestamp="2024-05-16T13:40:49 IST" skipped="0">
  <testcase classname="CTT_Demo.natalie_Norm_SchemaCheck" name="CTT_Login_Page_Displayed_And_Enters_Login_Details" time="15.969"/>
  <system-out/>
  <testcase classname="CTT_Demo.natalie_Norm_SchemaCheck" name="Verify_Login_Person_Name" time="3.964"/>
  <system-out/>
  <testcase classname="CTT_Demo.natalie_Norm_SchemaCheck" name="open_Assigne_node" time="6.801"/>
  <system-out/>
  <testcase classname="CTT_Demo.natalie_Norm_SchemaCheck" name="Verify_The_SKu_Schema_Page_open_Or_Not" time="19.321"/>
  <system-out/>
  <testcase classname="CTT_Demo.natalie_Norm_SchemaCheck" name="Verify_The_Blank_Meta_Attribute_Check" time="21.568"/>
  <system-out/>
  <testcase classname="CTT_Demo.natalie_Norm_SchemaCheck" name="Verify_The_LOV_Datatype_Missing_LOV" time="23.692"/>
  <system-out/>
  <testcase classname="CTT_Demo.natalie_Norm_SchemaCheck" name="Verify_The_DataType_Number_with_Text_Sample_Values" time="26.792"/>
  <system-out/>
  <testcase classname="CTT_Demo.natalie_Norm_SchemaCheck" name="Verify_The_DataType_Text_with_Numeric_Sample_Values" time="26.761"/>
  <system-out/>
  <testcase classname="CTT_Demo.natalie_Norm_SchemaCheck" name="Verify_The_Missing_UOM" time="27.705"/>
  <system-out/>
  <testcase classname="CTT_Demo.natalie_Norm_SchemaCheck" name="Verify_The_LOV_Usage_Check" time="31.040"/>
  <system-out/>
</testsuite> <!-- CTT_Demo.natalie_Norm_SchemaCheck -->
