<?xml version="1.0" encoding="UTF-8"?>
<!-- Generated by org.testng.reporters.JUnitReportReporter -->
<testsuite hostname="IND-AbhijitJ-Dell3410" failures="0" tests="1" name="AutomationProject.AutomationProject.AppTest" time="0.002" errors="0" timestamp="2024-03-27T11:45:48 IST" skipped="0">
  <testcase classname="AutomationProject.AutomationProject.AppTest" name="shouldAnswerWithTrue" time="0.002"/>
  <system-out/>
</testsuite> <!-- AutomationProject.AutomationProject.AppTest -->
