<?xml version="1.0" encoding="UTF-8"?>
<!-- Generated by org.testng.reporters.JUnitReportReporter -->
<testsuite hostname="IND-AbhijitJ-Dell3410" failures="0" tests="3" name="AutomationProject.AutomationProject.TestMavenProject2" time="37.637" errors="0" timestamp="2024-03-27T11:45:48 IST" skipped="0">
  <testcase classname="AutomationProject.AutomationProject.TestMavenProject2" name="cttProject" time="4.010"/>
  <system-out/>
  <testcase classname="AutomationProject.AutomationProject.TestMavenProject2" name="logincredentials" time="29.547"/>
  <system-out/>
  <testcase classname="AutomationProject.AutomationProject.TestMavenProject2" name="Testdata" time="4.080"/>
  <system-out/>
</testsuite> <!-- AutomationProject.AutomationProject.TestMavenProject2 -->
