<?xml version="1.0" encoding="UTF-8"?>
<!-- Generated by org.testng.reporters.JUnitReportReporter -->
<testsuite hostname="IND-AbhijitJ-Dell3410" failures="0" tests="2" name="com.ctt.qa.testcases.HomePageTest" time="0.093" errors="0" timestamp="2024-03-27T11:45:48 IST" skipped="0">
  <testcase classname="com.ctt.qa.testcases.HomePageTest" name="titleTest" time="0.008"/>
  <system-out/>
  <testcase classname="com.ctt.qa.testcases.HomePageTest" name="VerifyclickOnuserButton" time="0.085"/>
  <system-out/>
</testsuite> <!-- com.ctt.qa.testcases.HomePageTest -->
